{
  "uid" : "868efe704c9f5d96",
  "name" : "Заказ карманного календарика: авторизованный юзер",
  "fullName" : "test.DemoOrderTest.calendOrderAuthorised",
  "historyId" : "514ff39a5161779d81b58d4093ad1e81",
  "time" : {
    "start" : 1745387233244,
    "stop" : 1745387315794,
    "duration" : 82550
  },
  "description" : "",
  "status" : "failed",
  "statusMessage" : "Invalid element state [button.btn-default[1]]: element click intercepted: Element <button class=\"btn btn-default btn-block\" ng-click=\"vm.onSaveDelivery()\" ng-disabled=\"vm.saveDeliveryLoading\">...</button> is not clickable at point (1541, 20). Other element would receive the click: <span id=\"login_bonuses\" class=\"text is_auth hidden desktop__bonuses desktop__bonuses--active\">...</span>\nScreenshot: file:/Users/tester/builds/DPBWpFwc/0/autotests/WebNew/build/reports/tests/1745387315093.1.png\nPage source: file:/Users/tester/builds/DPBWpFwc/0/autotests/WebNew/build/reports/tests/1745387315093.1.html\nTimeout: 14 s.\nCaused by: ElementClickInterceptedException: element click intercepted: Element <button class=\"btn btn-default btn-block\" ng-click=\"vm.onSaveDelivery()\" ng-disabled=\"vm.saveDeliveryLoading\">...</button> is not clickable at point (1541, 20). Other element would receive the click: <span id=\"login_bonuses\" class=\"text is_auth hidden desktop__bonuses desktop__bonuses--active\">...</span>",
  "statusTrace" : "Invalid element state [button.btn-default[1]]: element click intercepted: Element <button class=\"btn btn-default btn-block\" ng-click=\"vm.onSaveDelivery()\" ng-disabled=\"vm.saveDeliveryLoading\">...</button> is not clickable at point (1541, 20). Other element would receive the click: <span id=\"login_bonuses\" class=\"text is_auth hidden desktop__bonuses desktop__bonuses--active\">...</span>\nScreenshot: file:/Users/tester/builds/DPBWpFwc/0/autotests/WebNew/build/reports/tests/1745387315093.1.png\nPage source: file:/Users/tester/builds/DPBWpFwc/0/autotests/WebNew/build/reports/tests/1745387315093.1.html\nTimeout: 14 s.\nCaused by: ElementClickInterceptedException: element click intercepted: Element <button class=\"btn btn-default btn-block\" ng-click=\"vm.onSaveDelivery()\" ng-disabled=\"vm.saveDeliveryLoading\">...</button> is not clickable at point (1541, 20). Other element would receive the click: <span id=\"login_bonuses\" class=\"text is_auth hidden desktop__bonuses desktop__bonuses--active\">...</span>\n\tat com.codeborne.selenide.impl.ExceptionWrapper.wrap(ExceptionWrapper.java:19)\n\tat com.codeborne.selenide.impl.SelenideElementProxy.dispatchAndRetry(SelenideElementProxy.java:153)\n\tat com.codeborne.selenide.impl.SelenideElementProxy.invoke(SelenideElementProxy.java:83)\n\tat jdk.proxy2/jdk.proxy2.$Proxy25.click(Unknown Source)\n\tat Page.CheckoutPage.checkoutChoosePickUpPoint(CheckoutPage.java:25)\n\tat test.DemoOrderTest.calendOrderAuthorised(DemoOrderTest.java:62)\n\tat java.base/jdk.internal.reflect.DirectMethodHandleAccessor.invoke(DirectMethodHandleAccessor.java:103)\n\tat java.base/java.lang.reflect.Method.invoke(Method.java:580)\n\tat org.junit.platform.commons.util.ReflectionUtils.invokeMethod(ReflectionUtils.java:767)\n\tat org.junit.jupiter.engine.execution.MethodInvocation.proceed(MethodInvocation.java:60)\n\tat org.junit.jupiter.engine.execution.InvocationInterceptorChain$ValidatingInvocation.proceed(InvocationInterceptorChain.java:131)\n\tat org.junit.jupiter.engine.extension.TimeoutExtension.intercept(TimeoutExtension.java:156)\n\tat org.junit.jupiter.engine.extension.TimeoutExtension.interceptTestableMethod(TimeoutExtension.java:147)\n\tat org.junit.jupiter.engine.extension.TimeoutExtension.interceptTestMethod(TimeoutExtension.java:86)\n\tat org.junit.jupiter.engine.execution.InterceptingExecutableInvoker$ReflectiveInterceptorCall.lambda$ofVoidMethod$0(InterceptingExecutableInvoker.java:103)\n\tat org.junit.jupiter.engine.execution.InterceptingExecutableInvoker.lambda$invoke$0(InterceptingExecutableInvoker.java:93)\n\tat org.junit.jupiter.engine.execution.InvocationInterceptorChain$InterceptedInvocation.proceed(InvocationInterceptorChain.java:106)\n\tat org.junit.jupiter.engine.execution.InvocationInterceptorChain.proceed(InvocationInterceptorChain.java:64)\n\tat org.junit.jupiter.engine.execution.InvocationInterceptorChain.chainAndInvoke(InvocationInterceptorChain.java:45)\n\tat org.junit.jupiter.engine.execution.InvocationInterceptorChain.invoke(InvocationInterceptorChain.java:37)\n\tat org.junit.jupiter.engine.execution.InterceptingExecutableInvoker.invoke(InterceptingExecutableInvoker.java:92)\n\tat org.junit.jupiter.engine.execution.InterceptingExecutableInvoker.invoke(InterceptingExecutableInvoker.java:86)\n\tat org.junit.jupiter.engine.descriptor.TestMethodTestDescriptor.lambda$invokeTestMethod$8(TestMethodTestDescriptor.java:217)\n\tat org.junit.platform.engine.support.hierarchical.ThrowableCollector.execute(ThrowableCollector.java:73)\n\tat org.junit.jupiter.engine.descriptor.TestMethodTestDescriptor.invokeTestMethod(TestMethodTestDescriptor.java:213)\n\tat org.junit.jupiter.engine.descriptor.TestMethodTestDescriptor.execute(TestMethodTestDescriptor.java:138)\n\tat org.junit.jupiter.engine.descriptor.TestMethodTestDescriptor.execute(TestMethodTestDescriptor.java:68)\n\tat org.junit.platform.engine.support.hierarchical.NodeTestTask.lambda$executeRecursively$6(NodeTestTask.java:156)\n\tat org.junit.platform.engine.support.hierarchical.ThrowableCollector.execute(ThrowableCollector.java:73)\n\tat org.junit.platform.engine.support.hierarchical.NodeTestTask.lambda$executeRecursively$8(NodeTestTask.java:146)\n\tat org.junit.platform.engine.support.hierarchical.Node.around(Node.java:137)\n\tat org.junit.platform.engine.support.hierarchical.NodeTestTask.lambda$executeRecursively$9(NodeTestTask.java:144)\n\tat org.junit.platform.engine.support.hierarchical.ThrowableCollector.execute(ThrowableCollector.java:73)\n\tat org.junit.platform.engine.support.hierarchical.NodeTestTask.executeRecursively(NodeTestTask.java:143)\n\tat org.junit.platform.engine.support.hierarchical.NodeTestTask.execute(NodeTestTask.java:100)\n\tat java.base/java.util.ArrayList.forEach(ArrayList.java:1597)\n\tat org.junit.platform.engine.support.hierarchical.SameThreadHierarchicalTestExecutorService.invokeAll(SameThreadHierarchicalTestExecutorService.java:41)\n\tat org.junit.platform.engine.support.hierarchical.NodeTestTask.lambda$executeRecursively$6(NodeTestTask.java:160)\n\tat org.junit.platform.engine.support.hierarchical.ThrowableCollector.execute(ThrowableCollector.java:73)\n\tat org.junit.platform.engine.support.hierarchical.NodeTestTask.lambda$executeRecursively$8(NodeTestTask.java:146)\n\tat org.junit.platform.engine.support.hierarchical.Node.around(Node.java:137)\n\tat org.junit.platform.engine.support.hierarchical.NodeTestTask.lambda$executeRecursively$9(NodeTestTask.java:144)\n\tat org.junit.platform.engine.support.hierarchical.ThrowableCollector.execute(ThrowableCollector.java:73)\n\tat org.junit.platform.engine.support.hierarchical.NodeTestTask.executeRecursively(NodeTestTask.java:143)\n\tat org.junit.platform.engine.support.hierarchical.NodeTestTask.execute(NodeTestTask.java:100)\n\tat java.base/java.util.ArrayList.forEach(ArrayList.java:1597)\n\tat org.junit.platform.engine.support.hierarchical.SameThreadHierarchicalTestExecutorService.invokeAll(SameThreadHierarchicalTestExecutorService.java:41)\n\tat org.junit.platform.engine.support.hierarchical.NodeTestTask.lambda$executeRecursively$6(NodeTestTask.java:160)\n\tat org.junit.platform.engine.support.hierarchical.ThrowableCollector.execute(ThrowableCollector.java:73)\n\tat org.junit.platform.engine.support.hierarchical.NodeTestTask.lambda$executeRecursively$8(NodeTestTask.java:146)\n\tat org.junit.platform.engine.support.hierarchical.Node.around(Node.java:137)\n\tat org.junit.platform.engine.support.hierarchical.NodeTestTask.lambda$executeRecursively$9(NodeTestTask.java:144)\n\tat org.junit.platform.engine.support.hierarchical.ThrowableCollector.execute(ThrowableCollector.java:73)\n\tat org.junit.platform.engine.support.hierarchical.NodeTestTask.executeRecursively(NodeTestTask.java:143)\n\tat org.junit.platform.engine.support.hierarchical.NodeTestTask.execute(NodeTestTask.java:100)\n\tat org.junit.platform.engine.support.hierarchical.SameThreadHierarchicalTestExecutorService.submit(SameThreadHierarchicalTestExecutorService.java:35)\n\tat org.junit.platform.engine.support.hierarchical.HierarchicalTestExecutor.execute(HierarchicalTestExecutor.java:57)\n\tat org.junit.platform.engine.support.hierarchical.HierarchicalTestEngine.execute(HierarchicalTestEngine.java:54)\n\tat org.junit.platform.launcher.core.EngineExecutionOrchestrator.execute(EngineExecutionOrchestrator.java:108)\n\tat org.junit.platform.launcher.core.EngineExecutionOrchestrator.execute(EngineExecutionOrchestrator.java:88)\n\tat org.junit.platform.launcher.core.EngineExecutionOrchestrator.lambda$execute$0(EngineExecutionOrchestrator.java:54)\n\tat org.junit.platform.launcher.core.EngineExecutionOrchestrator.withInterceptedStreams(EngineExecutionOrchestrator.java:67)\n\tat org.junit.platform.launcher.core.EngineExecutionOrchestrator.execute(EngineExecutionOrchestrator.java:52)\n\tat org.junit.platform.launcher.core.DefaultLauncher.execute(DefaultLauncher.java:96)\n\tat org.junit.platform.launcher.core.DefaultLauncher.execute(DefaultLauncher.java:75)\n\tat org.apache.maven.surefire.junitplatform.LazyLauncher.execute(LazyLauncher.java:56)\n\tat org.apache.maven.surefire.junitplatform.JUnitPlatformProvider.invokeAllTests(JUnitPlatformProvider.java:162)\n\tat org.apache.maven.surefire.junitplatform.JUnitPlatformProvider.invoke(JUnitPlatformProvider.java:122)\n\tat org.apache.maven.surefire.booter.ForkedBooter.runSuitesInProcess(ForkedBooter.java:385)\n\tat org.apache.maven.surefire.booter.ForkedBooter.execute(ForkedBooter.java:162)\n\tat org.apache.maven.surefire.booter.ForkedBooter.run(ForkedBooter.java:507)\n\tat org.apache.maven.surefire.booter.ForkedBooter.main(ForkedBooter.java:495)\nCaused by: org.openqa.selenium.ElementClickInterceptedException: element click intercepted: Element <button class=\"btn btn-default btn-block\" ng-click=\"vm.onSaveDelivery()\" ng-disabled=\"vm.saveDeliveryLoading\">...</button> is not clickable at point (1541, 20). Other element would receive the click: <span id=\"login_bonuses\" class=\"text is_auth hidden desktop__bonuses desktop__bonuses--active\">...</span>\n  (Session info: chrome=135.0.7049.97)\nBuild info: version: '4.29.0', revision: '5fc1ec94cb'\nSystem info: os.name: 'Mac OS X', os.arch: 'aarch64', os.version: '15.3.1', java.version: '22'\nDriver info: org.openqa.selenium.chrome.ChromeDriver\nCommand: [bb52d93bda90f6204b19b3966b3f66b6, clickElement {id=f.33F5BAF28DCE62BB4387B9212815695F.d.9E3D13F7947608E47883BC77C6A3A894.e.335}]\nCapabilities {acceptInsecureCerts: true, browserName: chrome, browserVersion: 135.0.7049.97, chrome: {chromedriverVersion: 135.0.7049.97 (b41307079c9b..., userDataDir: /var/folders/y4/1rkt9z0s363...}, fedcm:accounts: true, goog:chromeOptions: {debuggerAddress: localhost:51350}, networkConnectionEnabled: false, pageLoadStrategy: eager, platformName: mac, proxy: Proxy(), se:cdp: ws://localhost:51350/devtoo..., se:cdpVersion: 135.0.7049.97, setWindowRect: true, strictFileInteractability: false, timeouts: {implicit: 0, pageLoad: 300000, script: 30000}, unhandledPromptBehavior: accept, webauthn:extension:credBlob: true, webauthn:extension:largeBlob: true, webauthn:extension:minPinLength: true, webauthn:extension:prf: true, webauthn:virtualAuthenticators: true}\nElement: [[ChromeDriver: chrome on mac (bb52d93bda90f6204b19b3966b3f66b6)] -> css selector: button.btn-default]\nSession ID: bb52d93bda90f6204b19b3966b3f66b6\n\tat java.base/jdk.internal.reflect.DirectConstructorHandleAccessor.newInstance(DirectConstructorHandleAccessor.java:62)\n\tat java.base/java.lang.reflect.Constructor.newInstanceWithCaller(Constructor.java:502)\n\tat java.base/java.lang.reflect.Constructor.newInstance(Constructor.java:486)\n\tat org.openqa.selenium.remote.ErrorCodec.decode(ErrorCodec.java:167)\n\tat org.openqa.selenium.remote.codec.w3c.W3CHttpResponseCodec.decode(W3CHttpResponseCodec.java:138)\n\tat org.openqa.selenium.remote.codec.w3c.W3CHttpResponseCodec.decode(W3CHttpResponseCodec.java:50)\n\tat org.openqa.selenium.remote.HttpCommandExecutor.execute(HttpCommandExecutor.java:215)\n\tat org.openqa.selenium.remote.service.DriverCommandExecutor.invokeExecute(DriverCommandExecutor.java:216)\n\tat org.openqa.selenium.remote.service.DriverCommandExecutor.execute(DriverCommandExecutor.java:174)\n\tat org.openqa.selenium.remote.RemoteWebDriver.execute(RemoteWebDriver.java:545)\n\tat org.openqa.selenium.remote.RemoteWebElement.execute(RemoteWebElement.java:223)\n\tat org.openqa.selenium.remote.RemoteWebElement.click(RemoteWebElement.java:76)\n\tat com.codeborne.selenide.commands.Click.defaultClick(Click.java:94)\n\tat com.codeborne.selenide.commands.Click.doClick(Click.java:72)\n\tat com.codeborne.selenide.commands.Click.click(Click.java:48)\n\tat com.codeborne.selenide.commands.Click.execute(Click.java:28)\n\tat com.codeborne.selenide.FluentCommand.execute(FluentCommand.java:27)\n\tat com.codeborne.selenide.FluentCommand.execute(FluentCommand.java:19)\n\tat com.codeborne.selenide.commands.Commands.execute(Commands.java:160)\n\tat com.codeborne.selenide.impl.SelenideElementProxy.dispatchAndRetry(SelenideElementProxy.java:131)\n\t... 70 more\n",
  "flaky" : false,
  "newFailed" : false,
  "beforeStages" : [ ],
  "testStage" : {
    "description" : "",
    "status" : "failed",
    "statusMessage" : "Invalid element state [button.btn-default[1]]: element click intercepted: Element <button class=\"btn btn-default btn-block\" ng-click=\"vm.onSaveDelivery()\" ng-disabled=\"vm.saveDeliveryLoading\">...</button> is not clickable at point (1541, 20). Other element would receive the click: <span id=\"login_bonuses\" class=\"text is_auth hidden desktop__bonuses desktop__bonuses--active\">...</span>\nScreenshot: file:/Users/tester/builds/DPBWpFwc/0/autotests/WebNew/build/reports/tests/1745387315093.1.png\nPage source: file:/Users/tester/builds/DPBWpFwc/0/autotests/WebNew/build/reports/tests/1745387315093.1.html\nTimeout: 14 s.\nCaused by: ElementClickInterceptedException: element click intercepted: Element <button class=\"btn btn-default btn-block\" ng-click=\"vm.onSaveDelivery()\" ng-disabled=\"vm.saveDeliveryLoading\">...</button> is not clickable at point (1541, 20). Other element would receive the click: <span id=\"login_bonuses\" class=\"text is_auth hidden desktop__bonuses desktop__bonuses--active\">...</span>",
    "statusTrace" : "Invalid element state [button.btn-default[1]]: element click intercepted: Element <button class=\"btn btn-default btn-block\" ng-click=\"vm.onSaveDelivery()\" ng-disabled=\"vm.saveDeliveryLoading\">...</button> is not clickable at point (1541, 20). Other element would receive the click: <span id=\"login_bonuses\" class=\"text is_auth hidden desktop__bonuses desktop__bonuses--active\">...</span>\nScreenshot: file:/Users/tester/builds/DPBWpFwc/0/autotests/WebNew/build/reports/tests/1745387315093.1.png\nPage source: file:/Users/tester/builds/DPBWpFwc/0/autotests/WebNew/build/reports/tests/1745387315093.1.html\nTimeout: 14 s.\nCaused by: ElementClickInterceptedException: element click intercepted: Element <button class=\"btn btn-default btn-block\" ng-click=\"vm.onSaveDelivery()\" ng-disabled=\"vm.saveDeliveryLoading\">...</button> is not clickable at point (1541, 20). Other element would receive the click: <span id=\"login_bonuses\" class=\"text is_auth hidden desktop__bonuses desktop__bonuses--active\">...</span>\n\tat com.codeborne.selenide.impl.ExceptionWrapper.wrap(ExceptionWrapper.java:19)\n\tat com.codeborne.selenide.impl.SelenideElementProxy.dispatchAndRetry(SelenideElementProxy.java:153)\n\tat com.codeborne.selenide.impl.SelenideElementProxy.invoke(SelenideElementProxy.java:83)\n\tat jdk.proxy2/jdk.proxy2.$Proxy25.click(Unknown Source)\n\tat Page.CheckoutPage.checkoutChoosePickUpPoint(CheckoutPage.java:25)\n\tat test.DemoOrderTest.calendOrderAuthorised(DemoOrderTest.java:62)\n\tat java.base/jdk.internal.reflect.DirectMethodHandleAccessor.invoke(DirectMethodHandleAccessor.java:103)\n\tat java.base/java.lang.reflect.Method.invoke(Method.java:580)\n\tat org.junit.platform.commons.util.ReflectionUtils.invokeMethod(ReflectionUtils.java:767)\n\tat org.junit.jupiter.engine.execution.MethodInvocation.proceed(MethodInvocation.java:60)\n\tat org.junit.jupiter.engine.execution.InvocationInterceptorChain$ValidatingInvocation.proceed(InvocationInterceptorChain.java:131)\n\tat org.junit.jupiter.engine.extension.TimeoutExtension.intercept(TimeoutExtension.java:156)\n\tat org.junit.jupiter.engine.extension.TimeoutExtension.interceptTestableMethod(TimeoutExtension.java:147)\n\tat org.junit.jupiter.engine.extension.TimeoutExtension.interceptTestMethod(TimeoutExtension.java:86)\n\tat org.junit.jupiter.engine.execution.InterceptingExecutableInvoker$ReflectiveInterceptorCall.lambda$ofVoidMethod$0(InterceptingExecutableInvoker.java:103)\n\tat org.junit.jupiter.engine.execution.InterceptingExecutableInvoker.lambda$invoke$0(InterceptingExecutableInvoker.java:93)\n\tat org.junit.jupiter.engine.execution.InvocationInterceptorChain$InterceptedInvocation.proceed(InvocationInterceptorChain.java:106)\n\tat org.junit.jupiter.engine.execution.InvocationInterceptorChain.proceed(InvocationInterceptorChain.java:64)\n\tat org.junit.jupiter.engine.execution.InvocationInterceptorChain.chainAndInvoke(InvocationInterceptorChain.java:45)\n\tat org.junit.jupiter.engine.execution.InvocationInterceptorChain.invoke(InvocationInterceptorChain.java:37)\n\tat org.junit.jupiter.engine.execution.InterceptingExecutableInvoker.invoke(InterceptingExecutableInvoker.java:92)\n\tat org.junit.jupiter.engine.execution.InterceptingExecutableInvoker.invoke(InterceptingExecutableInvoker.java:86)\n\tat org.junit.jupiter.engine.descriptor.TestMethodTestDescriptor.lambda$invokeTestMethod$8(TestMethodTestDescriptor.java:217)\n\tat org.junit.platform.engine.support.hierarchical.ThrowableCollector.execute(ThrowableCollector.java:73)\n\tat org.junit.jupiter.engine.descriptor.TestMethodTestDescriptor.invokeTestMethod(TestMethodTestDescriptor.java:213)\n\tat org.junit.jupiter.engine.descriptor.TestMethodTestDescriptor.execute(TestMethodTestDescriptor.java:138)\n\tat org.junit.jupiter.engine.descriptor.TestMethodTestDescriptor.execute(TestMethodTestDescriptor.java:68)\n\tat org.junit.platform.engine.support.hierarchical.NodeTestTask.lambda$executeRecursively$6(NodeTestTask.java:156)\n\tat org.junit.platform.engine.support.hierarchical.ThrowableCollector.execute(ThrowableCollector.java:73)\n\tat org.junit.platform.engine.support.hierarchical.NodeTestTask.lambda$executeRecursively$8(NodeTestTask.java:146)\n\tat org.junit.platform.engine.support.hierarchical.Node.around(Node.java:137)\n\tat org.junit.platform.engine.support.hierarchical.NodeTestTask.lambda$executeRecursively$9(NodeTestTask.java:144)\n\tat org.junit.platform.engine.support.hierarchical.ThrowableCollector.execute(ThrowableCollector.java:73)\n\tat org.junit.platform.engine.support.hierarchical.NodeTestTask.executeRecursively(NodeTestTask.java:143)\n\tat org.junit.platform.engine.support.hierarchical.NodeTestTask.execute(NodeTestTask.java:100)\n\tat java.base/java.util.ArrayList.forEach(ArrayList.java:1597)\n\tat org.junit.platform.engine.support.hierarchical.SameThreadHierarchicalTestExecutorService.invokeAll(SameThreadHierarchicalTestExecutorService.java:41)\n\tat org.junit.platform.engine.support.hierarchical.NodeTestTask.lambda$executeRecursively$6(NodeTestTask.java:160)\n\tat org.junit.platform.engine.support.hierarchical.ThrowableCollector.execute(ThrowableCollector.java:73)\n\tat org.junit.platform.engine.support.hierarchical.NodeTestTask.lambda$executeRecursively$8(NodeTestTask.java:146)\n\tat org.junit.platform.engine.support.hierarchical.Node.around(Node.java:137)\n\tat org.junit.platform.engine.support.hierarchical.NodeTestTask.lambda$executeRecursively$9(NodeTestTask.java:144)\n\tat org.junit.platform.engine.support.hierarchical.ThrowableCollector.execute(ThrowableCollector.java:73)\n\tat org.junit.platform.engine.support.hierarchical.NodeTestTask.executeRecursively(NodeTestTask.java:143)\n\tat org.junit.platform.engine.support.hierarchical.NodeTestTask.execute(NodeTestTask.java:100)\n\tat java.base/java.util.ArrayList.forEach(ArrayList.java:1597)\n\tat org.junit.platform.engine.support.hierarchical.SameThreadHierarchicalTestExecutorService.invokeAll(SameThreadHierarchicalTestExecutorService.java:41)\n\tat org.junit.platform.engine.support.hierarchical.NodeTestTask.lambda$executeRecursively$6(NodeTestTask.java:160)\n\tat org.junit.platform.engine.support.hierarchical.ThrowableCollector.execute(ThrowableCollector.java:73)\n\tat org.junit.platform.engine.support.hierarchical.NodeTestTask.lambda$executeRecursively$8(NodeTestTask.java:146)\n\tat org.junit.platform.engine.support.hierarchical.Node.around(Node.java:137)\n\tat org.junit.platform.engine.support.hierarchical.NodeTestTask.lambda$executeRecursively$9(NodeTestTask.java:144)\n\tat org.junit.platform.engine.support.hierarchical.ThrowableCollector.execute(ThrowableCollector.java:73)\n\tat org.junit.platform.engine.support.hierarchical.NodeTestTask.executeRecursively(NodeTestTask.java:143)\n\tat org.junit.platform.engine.support.hierarchical.NodeTestTask.execute(NodeTestTask.java:100)\n\tat org.junit.platform.engine.support.hierarchical.SameThreadHierarchicalTestExecutorService.submit(SameThreadHierarchicalTestExecutorService.java:35)\n\tat org.junit.platform.engine.support.hierarchical.HierarchicalTestExecutor.execute(HierarchicalTestExecutor.java:57)\n\tat org.junit.platform.engine.support.hierarchical.HierarchicalTestEngine.execute(HierarchicalTestEngine.java:54)\n\tat org.junit.platform.launcher.core.EngineExecutionOrchestrator.execute(EngineExecutionOrchestrator.java:108)\n\tat org.junit.platform.launcher.core.EngineExecutionOrchestrator.execute(EngineExecutionOrchestrator.java:88)\n\tat org.junit.platform.launcher.core.EngineExecutionOrchestrator.lambda$execute$0(EngineExecutionOrchestrator.java:54)\n\tat org.junit.platform.launcher.core.EngineExecutionOrchestrator.withInterceptedStreams(EngineExecutionOrchestrator.java:67)\n\tat org.junit.platform.launcher.core.EngineExecutionOrchestrator.execute(EngineExecutionOrchestrator.java:52)\n\tat org.junit.platform.launcher.core.DefaultLauncher.execute(DefaultLauncher.java:96)\n\tat org.junit.platform.launcher.core.DefaultLauncher.execute(DefaultLauncher.java:75)\n\tat org.apache.maven.surefire.junitplatform.LazyLauncher.execute(LazyLauncher.java:56)\n\tat org.apache.maven.surefire.junitplatform.JUnitPlatformProvider.invokeAllTests(JUnitPlatformProvider.java:162)\n\tat org.apache.maven.surefire.junitplatform.JUnitPlatformProvider.invoke(JUnitPlatformProvider.java:122)\n\tat org.apache.maven.surefire.booter.ForkedBooter.runSuitesInProcess(ForkedBooter.java:385)\n\tat org.apache.maven.surefire.booter.ForkedBooter.execute(ForkedBooter.java:162)\n\tat org.apache.maven.surefire.booter.ForkedBooter.run(ForkedBooter.java:507)\n\tat org.apache.maven.surefire.booter.ForkedBooter.main(ForkedBooter.java:495)\nCaused by: org.openqa.selenium.ElementClickInterceptedException: element click intercepted: Element <button class=\"btn btn-default btn-block\" ng-click=\"vm.onSaveDelivery()\" ng-disabled=\"vm.saveDeliveryLoading\">...</button> is not clickable at point (1541, 20). Other element would receive the click: <span id=\"login_bonuses\" class=\"text is_auth hidden desktop__bonuses desktop__bonuses--active\">...</span>\n  (Session info: chrome=135.0.7049.97)\nBuild info: version: '4.29.0', revision: '5fc1ec94cb'\nSystem info: os.name: 'Mac OS X', os.arch: 'aarch64', os.version: '15.3.1', java.version: '22'\nDriver info: org.openqa.selenium.chrome.ChromeDriver\nCommand: [bb52d93bda90f6204b19b3966b3f66b6, clickElement {id=f.33F5BAF28DCE62BB4387B9212815695F.d.9E3D13F7947608E47883BC77C6A3A894.e.335}]\nCapabilities {acceptInsecureCerts: true, browserName: chrome, browserVersion: 135.0.7049.97, chrome: {chromedriverVersion: 135.0.7049.97 (b41307079c9b..., userDataDir: /var/folders/y4/1rkt9z0s363...}, fedcm:accounts: true, goog:chromeOptions: {debuggerAddress: localhost:51350}, networkConnectionEnabled: false, pageLoadStrategy: eager, platformName: mac, proxy: Proxy(), se:cdp: ws://localhost:51350/devtoo..., se:cdpVersion: 135.0.7049.97, setWindowRect: true, strictFileInteractability: false, timeouts: {implicit: 0, pageLoad: 300000, script: 30000}, unhandledPromptBehavior: accept, webauthn:extension:credBlob: true, webauthn:extension:largeBlob: true, webauthn:extension:minPinLength: true, webauthn:extension:prf: true, webauthn:virtualAuthenticators: true}\nElement: [[ChromeDriver: chrome on mac (bb52d93bda90f6204b19b3966b3f66b6)] -> css selector: button.btn-default]\nSession ID: bb52d93bda90f6204b19b3966b3f66b6\n\tat java.base/jdk.internal.reflect.DirectConstructorHandleAccessor.newInstance(DirectConstructorHandleAccessor.java:62)\n\tat java.base/java.lang.reflect.Constructor.newInstanceWithCaller(Constructor.java:502)\n\tat java.base/java.lang.reflect.Constructor.newInstance(Constructor.java:486)\n\tat org.openqa.selenium.remote.ErrorCodec.decode(ErrorCodec.java:167)\n\tat org.openqa.selenium.remote.codec.w3c.W3CHttpResponseCodec.decode(W3CHttpResponseCodec.java:138)\n\tat org.openqa.selenium.remote.codec.w3c.W3CHttpResponseCodec.decode(W3CHttpResponseCodec.java:50)\n\tat org.openqa.selenium.remote.HttpCommandExecutor.execute(HttpCommandExecutor.java:215)\n\tat org.openqa.selenium.remote.service.DriverCommandExecutor.invokeExecute(DriverCommandExecutor.java:216)\n\tat org.openqa.selenium.remote.service.DriverCommandExecutor.execute(DriverCommandExecutor.java:174)\n\tat org.openqa.selenium.remote.RemoteWebDriver.execute(RemoteWebDriver.java:545)\n\tat org.openqa.selenium.remote.RemoteWebElement.execute(RemoteWebElement.java:223)\n\tat org.openqa.selenium.remote.RemoteWebElement.click(RemoteWebElement.java:76)\n\tat com.codeborne.selenide.commands.Click.defaultClick(Click.java:94)\n\tat com.codeborne.selenide.commands.Click.doClick(Click.java:72)\n\tat com.codeborne.selenide.commands.Click.click(Click.java:48)\n\tat com.codeborne.selenide.commands.Click.execute(Click.java:28)\n\tat com.codeborne.selenide.FluentCommand.execute(FluentCommand.java:27)\n\tat com.codeborne.selenide.FluentCommand.execute(FluentCommand.java:19)\n\tat com.codeborne.selenide.commands.Commands.execute(Commands.java:160)\n\tat com.codeborne.selenide.impl.SelenideElementProxy.dispatchAndRetry(SelenideElementProxy.java:131)\n\t... 70 more\n",
    "steps" : [ {
      "name" : "Авторизация по e-token",
      "time" : {
        "start" : 1745387235802,
        "stop" : 1745387237495,
        "duration" : 1693
      },
      "status" : "passed",
      "steps" : [ ],
      "attachments" : [ ],
      "parameters" : [ ],
      "attachmentsCount" : 0,
      "shouldDisplayMessage" : false,
      "stepsCount" : 0,
      "hasContent" : false
    }, {
      "name" : "Выбор категории меню",
      "time" : {
        "start" : 1745387237495,
        "stop" : 1745387245232,
        "duration" : 7737
      },
      "status" : "passed",
      "steps" : [ ],
      "attachments" : [ ],
      "parameters" : [ {
        "name" : "menuSec",
        "value" : "Календари"
      } ],
      "attachmentsCount" : 0,
      "shouldDisplayMessage" : false,
      "stepsCount" : 0,
      "hasContent" : true
    }, {
      "name" : "Выбор типа продукта",
      "time" : {
        "start" : 1745387245233,
        "stop" : 1745387245638,
        "duration" : 405
      },
      "status" : "passed",
      "steps" : [ ],
      "attachments" : [ ],
      "parameters" : [ ],
      "attachmentsCount" : 0,
      "shouldDisplayMessage" : false,
      "stepsCount" : 0,
      "hasContent" : false
    }, {
      "name" : "Переход к оформлению макета из карточки товара",
      "time" : {
        "start" : 1745387245638,
        "stop" : 1745387246714,
        "duration" : 1076
      },
      "status" : "passed",
      "steps" : [ ],
      "attachments" : [ ],
      "parameters" : [ ],
      "attachmentsCount" : 0,
      "shouldDisplayMessage" : false,
      "stepsCount" : 0,
      "hasContent" : false
    }, {
      "name" : "Выбрать Ваш стиль",
      "time" : {
        "start" : 1745387246714,
        "stop" : 1745387247024,
        "duration" : 310
      },
      "status" : "passed",
      "steps" : [ ],
      "attachments" : [ ],
      "parameters" : [ ],
      "attachmentsCount" : 0,
      "shouldDisplayMessage" : false,
      "stepsCount" : 0,
      "hasContent" : false
    }, {
      "name" : "Выбрать стиль макета",
      "time" : {
        "start" : 1745387247213,
        "stop" : 1745387247352,
        "duration" : 139
      },
      "status" : "passed",
      "steps" : [ ],
      "attachments" : [ ],
      "parameters" : [ ],
      "attachmentsCount" : 0,
      "shouldDisplayMessage" : false,
      "stepsCount" : 0,
      "hasContent" : false
    }, {
      "name" : "Переход в экспресс-редактор",
      "time" : {
        "start" : 1745387247352,
        "stop" : 1745387247949,
        "duration" : 597
      },
      "status" : "passed",
      "steps" : [ ],
      "attachments" : [ ],
      "parameters" : [ ],
      "attachmentsCount" : 0,
      "shouldDisplayMessage" : false,
      "stepsCount" : 0,
      "hasContent" : false
    }, {
      "name" : "Выбрать загруженные фото в редакторе",
      "time" : {
        "start" : 1745387248087,
        "stop" : 1745387264010,
        "duration" : 15923
      },
      "status" : "passed",
      "steps" : [ ],
      "attachments" : [ ],
      "parameters" : [ ],
      "attachmentsCount" : 0,
      "shouldDisplayMessage" : false,
      "stepsCount" : 0,
      "hasContent" : false
    }, {
      "name" : "Загрузка фото в экспресс-редакторе",
      "time" : {
        "start" : 1745387264011,
        "stop" : 1745387274525,
        "duration" : 10514
      },
      "status" : "passed",
      "steps" : [ ],
      "attachments" : [ ],
      "parameters" : [ ],
      "attachmentsCount" : 0,
      "shouldDisplayMessage" : false,
      "stepsCount" : 0,
      "hasContent" : false
    }, {
      "name" : "Добавить в корзину из экспресс-редактора",
      "time" : {
        "start" : 1745387274525,
        "stop" : 1745387277816,
        "duration" : 3291
      },
      "status" : "passed",
      "steps" : [ ],
      "attachments" : [ ],
      "parameters" : [ ],
      "attachmentsCount" : 0,
      "shouldDisplayMessage" : false,
      "stepsCount" : 0,
      "hasContent" : false
    }, {
      "name" : "Перейти в чекаут",
      "time" : {
        "start" : 1745387277817,
        "stop" : 1745387281469,
        "duration" : 3652
      },
      "status" : "passed",
      "steps" : [ ],
      "attachments" : [ ],
      "parameters" : [ ],
      "attachmentsCount" : 0,
      "shouldDisplayMessage" : false,
      "stepsCount" : 0,
      "hasContent" : false
    }, {
      "name" : "Выбрать ПВЗ",
      "time" : {
        "start" : 1745387281472,
        "stop" : 1745387315231,
        "duration" : 33759
      },
      "status" : "failed",
      "statusMessage" : "Invalid element state [button.btn-default[1]]: element click intercepted: Element <button class=\"btn btn-default btn-block\" ng-click=\"vm.onSaveDelivery()\" ng-disabled=\"vm.saveDeliveryLoading\">...</button> is not clickable at point (1541, 20). Other element would receive the click: <span id=\"login_bonuses\" class=\"text is_auth hidden desktop__bonuses desktop__bonuses--active\">...</span>\nScreenshot: file:/Users/tester/builds/DPBWpFwc/0/autotests/WebNew/build/reports/tests/1745387315093.1.png\nPage source: file:/Users/tester/builds/DPBWpFwc/0/autotests/WebNew/build/reports/tests/1745387315093.1.html\nTimeout: 14 s.\nCaused by: ElementClickInterceptedException: element click intercepted: Element <button class=\"btn btn-default btn-block\" ng-click=\"vm.onSaveDelivery()\" ng-disabled=\"vm.saveDeliveryLoading\">...</button> is not clickable at point (1541, 20). Other element would receive the click: <span id=\"login_bonuses\" class=\"text is_auth hidden desktop__bonuses desktop__bonuses--active\">...</span>",
      "statusTrace" : "Invalid element state [button.btn-default[1]]: element click intercepted: Element <button class=\"btn btn-default btn-block\" ng-click=\"vm.onSaveDelivery()\" ng-disabled=\"vm.saveDeliveryLoading\">...</button> is not clickable at point (1541, 20). Other element would receive the click: <span id=\"login_bonuses\" class=\"text is_auth hidden desktop__bonuses desktop__bonuses--active\">...</span>\nScreenshot: file:/Users/tester/builds/DPBWpFwc/0/autotests/WebNew/build/reports/tests/1745387315093.1.png\nPage source: file:/Users/tester/builds/DPBWpFwc/0/autotests/WebNew/build/reports/tests/1745387315093.1.html\nTimeout: 14 s.\nCaused by: ElementClickInterceptedException: element click intercepted: Element <button class=\"btn btn-default btn-block\" ng-click=\"vm.onSaveDelivery()\" ng-disabled=\"vm.saveDeliveryLoading\">...</button> is not clickable at point (1541, 20). Other element would receive the click: <span id=\"login_bonuses\" class=\"text is_auth hidden desktop__bonuses desktop__bonuses--active\">...</span>\n\tat com.codeborne.selenide.impl.ExceptionWrapper.wrap(ExceptionWrapper.java:19)\n\tat com.codeborne.selenide.impl.SelenideElementProxy.dispatchAndRetry(SelenideElementProxy.java:153)\n\tat com.codeborne.selenide.impl.SelenideElementProxy.invoke(SelenideElementProxy.java:83)\n\tat jdk.proxy2/jdk.proxy2.$Proxy25.click(Unknown Source)\n\tat Page.CheckoutPage.checkoutChoosePickUpPoint(CheckoutPage.java:25)\n\tat test.DemoOrderTest.calendOrderAuthorised(DemoOrderTest.java:62)\n\tat java.base/jdk.internal.reflect.DirectMethodHandleAccessor.invoke(DirectMethodHandleAccessor.java:103)\n\tat java.base/java.lang.reflect.Method.invoke(Method.java:580)\n\tat org.junit.platform.commons.util.ReflectionUtils.invokeMethod(ReflectionUtils.java:767)\n\tat org.junit.jupiter.engine.execution.MethodInvocation.proceed(MethodInvocation.java:60)\n\tat org.junit.jupiter.engine.execution.InvocationInterceptorChain$ValidatingInvocation.proceed(InvocationInterceptorChain.java:131)\n\tat org.junit.jupiter.engine.extension.TimeoutExtension.intercept(TimeoutExtension.java:156)\n\tat org.junit.jupiter.engine.extension.TimeoutExtension.interceptTestableMethod(TimeoutExtension.java:147)\n\tat org.junit.jupiter.engine.extension.TimeoutExtension.interceptTestMethod(TimeoutExtension.java:86)\n\tat org.junit.jupiter.engine.execution.InterceptingExecutableInvoker$ReflectiveInterceptorCall.lambda$ofVoidMethod$0(InterceptingExecutableInvoker.java:103)\n\tat org.junit.jupiter.engine.execution.InterceptingExecutableInvoker.lambda$invoke$0(InterceptingExecutableInvoker.java:93)\n\tat org.junit.jupiter.engine.execution.InvocationInterceptorChain$InterceptedInvocation.proceed(InvocationInterceptorChain.java:106)\n\tat org.junit.jupiter.engine.execution.InvocationInterceptorChain.proceed(InvocationInterceptorChain.java:64)\n\tat org.junit.jupiter.engine.execution.InvocationInterceptorChain.chainAndInvoke(InvocationInterceptorChain.java:45)\n\tat org.junit.jupiter.engine.execution.InvocationInterceptorChain.invoke(InvocationInterceptorChain.java:37)\n\tat org.junit.jupiter.engine.execution.InterceptingExecutableInvoker.invoke(InterceptingExecutableInvoker.java:92)\n\tat org.junit.jupiter.engine.execution.InterceptingExecutableInvoker.invoke(InterceptingExecutableInvoker.java:86)\n\tat org.junit.jupiter.engine.descriptor.TestMethodTestDescriptor.lambda$invokeTestMethod$8(TestMethodTestDescriptor.java:217)\n\tat org.junit.platform.engine.support.hierarchical.ThrowableCollector.execute(ThrowableCollector.java:73)\n\tat org.junit.jupiter.engine.descriptor.TestMethodTestDescriptor.invokeTestMethod(TestMethodTestDescriptor.java:213)\n\tat org.junit.jupiter.engine.descriptor.TestMethodTestDescriptor.execute(TestMethodTestDescriptor.java:138)\n\tat org.junit.jupiter.engine.descriptor.TestMethodTestDescriptor.execute(TestMethodTestDescriptor.java:68)\n\tat org.junit.platform.engine.support.hierarchical.NodeTestTask.lambda$executeRecursively$6(NodeTestTask.java:156)\n\tat org.junit.platform.engine.support.hierarchical.ThrowableCollector.execute(ThrowableCollector.java:73)\n\tat org.junit.platform.engine.support.hierarchical.NodeTestTask.lambda$executeRecursively$8(NodeTestTask.java:146)\n\tat org.junit.platform.engine.support.hierarchical.Node.around(Node.java:137)\n\tat org.junit.platform.engine.support.hierarchical.NodeTestTask.lambda$executeRecursively$9(NodeTestTask.java:144)\n\tat org.junit.platform.engine.support.hierarchical.ThrowableCollector.execute(ThrowableCollector.java:73)\n\tat org.junit.platform.engine.support.hierarchical.NodeTestTask.executeRecursively(NodeTestTask.java:143)\n\tat org.junit.platform.engine.support.hierarchical.NodeTestTask.execute(NodeTestTask.java:100)\n\tat java.base/java.util.ArrayList.forEach(ArrayList.java:1597)\n\tat org.junit.platform.engine.support.hierarchical.SameThreadHierarchicalTestExecutorService.invokeAll(SameThreadHierarchicalTestExecutorService.java:41)\n\tat org.junit.platform.engine.support.hierarchical.NodeTestTask.lambda$executeRecursively$6(NodeTestTask.java:160)\n\tat org.junit.platform.engine.support.hierarchical.ThrowableCollector.execute(ThrowableCollector.java:73)\n\tat org.junit.platform.engine.support.hierarchical.NodeTestTask.lambda$executeRecursively$8(NodeTestTask.java:146)\n\tat org.junit.platform.engine.support.hierarchical.Node.around(Node.java:137)\n\tat org.junit.platform.engine.support.hierarchical.NodeTestTask.lambda$executeRecursively$9(NodeTestTask.java:144)\n\tat org.junit.platform.engine.support.hierarchical.ThrowableCollector.execute(ThrowableCollector.java:73)\n\tat org.junit.platform.engine.support.hierarchical.NodeTestTask.executeRecursively(NodeTestTask.java:143)\n\tat org.junit.platform.engine.support.hierarchical.NodeTestTask.execute(NodeTestTask.java:100)\n\tat java.base/java.util.ArrayList.forEach(ArrayList.java:1597)\n\tat org.junit.platform.engine.support.hierarchical.SameThreadHierarchicalTestExecutorService.invokeAll(SameThreadHierarchicalTestExecutorService.java:41)\n\tat org.junit.platform.engine.support.hierarchical.NodeTestTask.lambda$executeRecursively$6(NodeTestTask.java:160)\n\tat org.junit.platform.engine.support.hierarchical.ThrowableCollector.execute(ThrowableCollector.java:73)\n\tat org.junit.platform.engine.support.hierarchical.NodeTestTask.lambda$executeRecursively$8(NodeTestTask.java:146)\n\tat org.junit.platform.engine.support.hierarchical.Node.around(Node.java:137)\n\tat org.junit.platform.engine.support.hierarchical.NodeTestTask.lambda$executeRecursively$9(NodeTestTask.java:144)\n\tat org.junit.platform.engine.support.hierarchical.ThrowableCollector.execute(ThrowableCollector.java:73)\n\tat org.junit.platform.engine.support.hierarchical.NodeTestTask.executeRecursively(NodeTestTask.java:143)\n\tat org.junit.platform.engine.support.hierarchical.NodeTestTask.execute(NodeTestTask.java:100)\n\tat org.junit.platform.engine.support.hierarchical.SameThreadHierarchicalTestExecutorService.submit(SameThreadHierarchicalTestExecutorService.java:35)\n\tat org.junit.platform.engine.support.hierarchical.HierarchicalTestExecutor.execute(HierarchicalTestExecutor.java:57)\n\tat org.junit.platform.engine.support.hierarchical.HierarchicalTestEngine.execute(HierarchicalTestEngine.java:54)\n\tat org.junit.platform.launcher.core.EngineExecutionOrchestrator.execute(EngineExecutionOrchestrator.java:108)\n\tat org.junit.platform.launcher.core.EngineExecutionOrchestrator.execute(EngineExecutionOrchestrator.java:88)\n\tat org.junit.platform.launcher.core.EngineExecutionOrchestrator.lambda$execute$0(EngineExecutionOrchestrator.java:54)\n\tat org.junit.platform.launcher.core.EngineExecutionOrchestrator.withInterceptedStreams(EngineExecutionOrchestrator.java:67)\n\tat org.junit.platform.launcher.core.EngineExecutionOrchestrator.execute(EngineExecutionOrchestrator.java:52)\n\tat org.junit.platform.launcher.core.DefaultLauncher.execute(DefaultLauncher.java:96)\n\tat org.junit.platform.launcher.core.DefaultLauncher.execute(DefaultLauncher.java:75)\n\tat org.apache.maven.surefire.junitplatform.LazyLauncher.execute(LazyLauncher.java:56)\n\tat org.apache.maven.surefire.junitplatform.JUnitPlatformProvider.invokeAllTests(JUnitPlatformProvider.java:162)\n\tat org.apache.maven.surefire.junitplatform.JUnitPlatformProvider.invoke(JUnitPlatformProvider.java:122)\n\tat org.apache.maven.surefire.booter.ForkedBooter.runSuitesInProcess(ForkedBooter.java:385)\n\tat org.apache.maven.surefire.booter.ForkedBooter.execute(ForkedBooter.java:162)\n\tat org.apache.maven.surefire.booter.ForkedBooter.run(ForkedBooter.java:507)\n\tat org.apache.maven.surefire.booter.ForkedBooter.main(ForkedBooter.java:495)\nCaused by: org.openqa.selenium.ElementClickInterceptedException: element click intercepted: Element <button class=\"btn btn-default btn-block\" ng-click=\"vm.onSaveDelivery()\" ng-disabled=\"vm.saveDeliveryLoading\">...</button> is not clickable at point (1541, 20). Other element would receive the click: <span id=\"login_bonuses\" class=\"text is_auth hidden desktop__bonuses desktop__bonuses--active\">...</span>\n  (Session info: chrome=135.0.7049.97)\nBuild info: version: '4.29.0', revision: '5fc1ec94cb'\nSystem info: os.name: 'Mac OS X', os.arch: 'aarch64', os.version: '15.3.1', java.version: '22'\nDriver info: org.openqa.selenium.chrome.ChromeDriver\nCommand: [bb52d93bda90f6204b19b3966b3f66b6, clickElement {id=f.33F5BAF28DCE62BB4387B9212815695F.d.9E3D13F7947608E47883BC77C6A3A894.e.335}]\nCapabilities {acceptInsecureCerts: true, browserName: chrome, browserVersion: 135.0.7049.97, chrome: {chromedriverVersion: 135.0.7049.97 (b41307079c9b..., userDataDir: /var/folders/y4/1rkt9z0s363...}, fedcm:accounts: true, goog:chromeOptions: {debuggerAddress: localhost:51350}, networkConnectionEnabled: false, pageLoadStrategy: eager, platformName: mac, proxy: Proxy(), se:cdp: ws://localhost:51350/devtoo..., se:cdpVersion: 135.0.7049.97, setWindowRect: true, strictFileInteractability: false, timeouts: {implicit: 0, pageLoad: 300000, script: 30000}, unhandledPromptBehavior: accept, webauthn:extension:credBlob: true, webauthn:extension:largeBlob: true, webauthn:extension:minPinLength: true, webauthn:extension:prf: true, webauthn:virtualAuthenticators: true}\nElement: [[ChromeDriver: chrome on mac (bb52d93bda90f6204b19b3966b3f66b6)] -> css selector: button.btn-default]\nSession ID: bb52d93bda90f6204b19b3966b3f66b6\n\tat java.base/jdk.internal.reflect.DirectConstructorHandleAccessor.newInstance(DirectConstructorHandleAccessor.java:62)\n\tat java.base/java.lang.reflect.Constructor.newInstanceWithCaller(Constructor.java:502)\n\tat java.base/java.lang.reflect.Constructor.newInstance(Constructor.java:486)\n\tat org.openqa.selenium.remote.ErrorCodec.decode(ErrorCodec.java:167)\n\tat org.openqa.selenium.remote.codec.w3c.W3CHttpResponseCodec.decode(W3CHttpResponseCodec.java:138)\n\tat org.openqa.selenium.remote.codec.w3c.W3CHttpResponseCodec.decode(W3CHttpResponseCodec.java:50)\n\tat org.openqa.selenium.remote.HttpCommandExecutor.execute(HttpCommandExecutor.java:215)\n\tat org.openqa.selenium.remote.service.DriverCommandExecutor.invokeExecute(DriverCommandExecutor.java:216)\n\tat org.openqa.selenium.remote.service.DriverCommandExecutor.execute(DriverCommandExecutor.java:174)\n\tat org.openqa.selenium.remote.RemoteWebDriver.execute(RemoteWebDriver.java:545)\n\tat org.openqa.selenium.remote.RemoteWebElement.execute(RemoteWebElement.java:223)\n\tat org.openqa.selenium.remote.RemoteWebElement.click(RemoteWebElement.java:76)\n\tat com.codeborne.selenide.commands.Click.defaultClick(Click.java:94)\n\tat com.codeborne.selenide.commands.Click.doClick(Click.java:72)\n\tat com.codeborne.selenide.commands.Click.click(Click.java:48)\n\tat com.codeborne.selenide.commands.Click.execute(Click.java:28)\n\tat com.codeborne.selenide.FluentCommand.execute(FluentCommand.java:27)\n\tat com.codeborne.selenide.FluentCommand.execute(FluentCommand.java:19)\n\tat com.codeborne.selenide.commands.Commands.execute(Commands.java:160)\n\tat com.codeborne.selenide.impl.SelenideElementProxy.dispatchAndRetry(SelenideElementProxy.java:131)\n\t... 70 more\n",
      "steps" : [ ],
      "attachments" : [ ],
      "parameters" : [ ],
      "attachmentsCount" : 0,
      "shouldDisplayMessage" : true,
      "stepsCount" : 0,
      "hasContent" : true
    }, {
      "name" : "Закрываем браузер",
      "time" : {
        "start" : 1745387315231,
        "stop" : 1745387315487,
        "duration" : 256
      },
      "status" : "passed",
      "steps" : [ ],
      "attachments" : [ ],
      "parameters" : [ ],
      "attachmentsCount" : 0,
      "shouldDisplayMessage" : false,
      "stepsCount" : 0,
      "hasContent" : false
    } ],
    "attachments" : [ ],
    "parameters" : [ ],
    "attachmentsCount" : 0,
    "shouldDisplayMessage" : false,
    "stepsCount" : 13,
    "hasContent" : true
  },
  "afterStages" : [ ],
  "labels" : [ {
    "name" : "host",
    "value" : "Macs-Mac-mini.local"
  }, {
    "name" : "thread",
    "value" : "40590@Macs-Mac-mini.local.main(1)"
  }, {
    "name" : "framework",
    "value" : "junit-platform"
  }, {
    "name" : "language",
    "value" : "java"
  }, {
    "name" : "package",
    "value" : "test.DemoOrderTest"
  }, {
    "name" : "testClass",
    "value" : "test.DemoOrderTest"
  }, {
    "name" : "testMethod",
    "value" : "calendOrderAuthorised"
  }, {
    "name" : "suite",
    "value" : "test.DemoOrderTest"
  }, {
    "name" : "resultFormat",
    "value" : "allure2"
  } ],
  "parameters" : [ ],
  "links" : [ ],
  "hidden" : false,
  "retry" : false,
  "extra" : {
    "severity" : "normal",
    "retries" : [ {
      "uid" : "db8796158b164d1d",
      "status" : "failed",
      "statusDetails" : "Element not found {div.porch-album-tile-cover}\nExpected: clickable: interactable and enabled\nScreenshot: file:/Users/tester/builds/DPBWpFwc/0/autotests/WebNew/build/reports/tests/1745387064958.0.png\nPage source: file:/Users/tester/builds/DPBWpFwc/0/autotests/WebNew/build/reports/tests/1745387064958.0.html\nTimeout: 14 s.\nCaused by: NoSuchElementException: no such element: Unable to locate element: {\"method\":\"css selector\",\"selector\":\"div.porch-album-tile-cover\"}",
      "time" : {
        "start" : 1745387016139,
        "stop" : 1745387065519,
        "duration" : 49380
      }
    } ],
    "categories" : [ {
      "name" : "Product defects",
      "matchedStatuses" : [ ],
      "flaky" : false
    } ],
    "tags" : [ ]
  },
  "source" : "868efe704c9f5d96.json",
  "parameterValues" : [ ]
}